<?xml version="1.0" encoding="UTF-8"?>
<!-- Generated by org.testng.reporters.JUnitReportReporter -->
<testsuite hostname="DESKTOP-DRRO17G" name="framework_testng.DP.DP_InputData" tests="4" failures="0" timestamp="28 Jun 2019 10:54:49 GMT" time="0.028" errors="0">
  <testcase name="tc001" time="0.004" classname="framework_testng.DP.DP_InputData"/>
  <testcase name="tc001" time="0.002" classname="framework_testng.DP.DP_InputData"/>
  <testcase name="tc001" time="0.002" classname="framework_testng.DP.DP_InputData"/>
  <testcase name="tc001" time="0.020" classname="framework_testng.DP.DP_InputData"/>
</testsuite> <!-- framework_testng.DP.DP_InputData -->
