<?xml version="1.0" encoding="UTF-8"?>
<!-- Generated by org.testng.reporters.JUnitReportReporter -->
<testsuite hostname="DESKTOP-DRRO17G" name="framework_testng.Method_Priroty" tests="3" failures="0" timestamp="27 Jun 2019 10:54:57 GMT" time="0.007" errors="0">
  <testcase name="a" time="0.003" classname="framework_testng.Method_Priroty"/>
  <testcase name="x" time="0.003" classname="framework_testng.Method_Priroty"/>
  <testcase name="f" time="0.001" classname="framework_testng.Method_Priroty"/>
</testsuite> <!-- framework_testng.Method_Priroty -->
