<?xml version="1.0" encoding="UTF-8"?>
<!-- Generated by org.testng.reporters.JUnitReportReporter -->
<testsuite hostname="DESKTOP-DRRO17G" name="framework_testng.Groups.Class2" tests="1" failures="0" timestamp="27 Jun 2019 11:08:02 GMT" time="0.002" errors="0">
  <testcase name="tc004" time="0.002" classname="framework_testng.Groups.Class2"/>
</testsuite> <!-- framework_testng.Groups.Class2 -->
