<?xml version="1.0" encoding="UTF-8"?>
<!-- Generated by org.testng.reporters.JUnitReportReporter -->
<testsuite hostname="DESKTOP-DRRO17G" name="framework_testng.MyTestng_Test" tests="1" failures="0" timestamp="27 Jun 2019 10:42:37 GMT" time="0.022" errors="0">
  <testcase name="tc003" time="0.022" classname="framework_testng.MyTestng_Test"/>
</testsuite> <!-- framework_testng.MyTestng_Test -->
