<?xml version="1.0" encoding="UTF-8"?>
<!-- Generated by org.testng.reporters.JUnitReportReporter -->
<testsuite hostname="DESKTOP-DRRO17G" name="framework_testng.MyTestng_Test" tests="3" failures="0" timestamp="26 Jun 2019 10:32:14 GMT" time="0.057" errors="0">
  <testcase name="tc003" time="0.011" classname="framework_testng.MyTestng_Test"/>
  <testcase name="tc002" time="0.006" classname="framework_testng.MyTestng_Test"/>
  <testcase name="tc001" time="0.040" classname="framework_testng.MyTestng_Test"/>
</testsuite> <!-- framework_testng.MyTestng_Test -->
