<?xml version="1.0" encoding="UTF-8"?>
<!-- Generated by org.testng.reporters.JUnitReportReporter -->
<testsuite hostname="DESKTOP-DRRO17G" name="framework_testng.Before_And_AfterClass" tests="3" failures="0" timestamp="26 Jun 2019 10:40:08 GMT" time="0.039" errors="0">
  <testcase name="tc001" time="0.021" classname="framework_testng.Before_And_AfterClass"/>
  <testcase name="tc002" time="0.011" classname="framework_testng.Before_And_AfterClass"/>
  <testcase name="tc003" time="0.007" classname="framework_testng.Before_And_AfterClass"/>
</testsuite> <!-- framework_testng.Before_And_AfterClass -->
