<?xml version="1.0" encoding="UTF-8"?>
<!-- Generated by org.testng.reporters.JUnitReportReporter -->
<testsuite hostname="DESKTOP-DRRO17G" name="framework_testng.Testng_WebDriver_Testcase" tests="5" failures="0" timestamp="26 Jun 2019 11:02:25 GMT" time="66.019" errors="0">
  <testcase name="verify_Signin_link" time="9.007" classname="framework_testng.Testng_WebDriver_Testcase"/>
  <testcase name="verify_Games_link" time="11.693" classname="framework_testng.Testng_WebDriver_Testcase"/>
  <testcase name="verify_signup_link" time="10.718" classname="framework_testng.Testng_WebDriver_Testcase"/>
  <testcase name="verify_Messenger_link" time="14.500" classname="framework_testng.Testng_WebDriver_Testcase"/>
  <testcase name="Verify_Services_link" time="20.101" classname="framework_testng.Testng_WebDriver_Testcase"/>
</testsuite> <!-- framework_testng.Testng_WebDriver_Testcase -->
