<?xml version="1.0" encoding="UTF-8"?>
<!-- Generated by org.testng.reporters.JUnitReportReporter -->
<testsuite hostname="DESKTOP-DRRO17G" name="framework_testng.Method_Ignore" tests="1" failures="0" timestamp="27 Jun 2019 10:24:41 GMT" time="0.037" errors="0">
  <testcase name="tc001" time="0.037" classname="framework_testng.Method_Ignore"/>
</testsuite> <!-- framework_testng.Method_Ignore -->
