<?xml version="1.0" encoding="UTF-8"?>
<!-- Generated by org.testng.reporters.JUnitReportReporter -->
<testsuite hostname="DESKTOP-DRRO17G" name="framework_testng.Groups.Class1" tests="2" failures="0" timestamp="27 Jun 2019 11:08:02 GMT" time="0.032" errors="0">
  <testcase name="tc003" time="0.007" classname="framework_testng.Groups.Class1"/>
  <testcase name="tc001" time="0.025" classname="framework_testng.Groups.Class1"/>
</testsuite> <!-- framework_testng.Groups.Class1 -->
