<?xml version="1.0" encoding="UTF-8"?>
<!-- Generated by org.testng.reporters.JUnitReportReporter -->
<testsuite hostname="DESKTOP-DRRO17G" name="framework_testng.TestSuite.Class1" tests="2" failures="0" timestamp="27 Jun 2019 10:58:50 GMT" time="0.022" errors="0">
  <testcase name="tc003" time="0.002" classname="framework_testng.TestSuite.Class1"/>
  <testcase name="tc001" time="0.020" classname="framework_testng.TestSuite.Class1"/>
</testsuite> <!-- framework_testng.TestSuite.Class1 -->
