<?xml version="1.0" encoding="UTF-8"?>
<!-- Generated by org.testng.reporters.JUnitReportReporter -->
<testsuite hostname="DESKTOP-DRRO17G" name="framework_testng.Testng_Method_Dependencies" tests="5" failures="0" timestamp="27 Jun 2019 10:37:59 GMT" time="0.042" errors="0">
  <testcase name="App_Load" time="0.005" classname="framework_testng.Testng_Method_Dependencies"/>
  <testcase name="ComposeEmail" time="0.012" classname="framework_testng.Testng_Method_Dependencies"/>
  <testcase name="User_login" time="0.003" classname="framework_testng.Testng_Method_Dependencies"/>
  <testcase name="Verify_Email_At_Sentemails" time="0.006" classname="framework_testng.Testng_Method_Dependencies"/>
  <testcase name="Browser_launch" time="0.016" classname="framework_testng.Testng_Method_Dependencies"/>
</testsuite> <!-- framework_testng.Testng_Method_Dependencies -->
