<?xml version="1.0" encoding="UTF-8"?>
<!-- Generated by org.testng.reporters.JUnitReportReporter -->
<testsuite hostname="DESKTOP-DRRO17G" name="framework_testng.Groups.Class3" tests="1" failures="0" timestamp="27 Jun 2019 11:07:39 GMT" time="0.001" errors="0">
  <testcase name="tc008" time="0.001" classname="framework_testng.Groups.Class3"/>
</testsuite> <!-- framework_testng.Groups.Class3 -->
