<?xml version="1.0" encoding="UTF-8"?>
<!-- Generated by org.testng.reporters.JUnitReportReporter -->
<testsuite hostname="DESKTOP-DRRO17G" name="framework_testng.DP.Get_DataProvider_From_Diff_Class" tests="4" failures="0" timestamp="28 Jun 2019 11:00:09 GMT" time="0.033" errors="0">
  <testcase name="tc002" time="0.024" classname="framework_testng.DP.Get_DataProvider_From_Diff_Class"/>
  <testcase name="tc002" time="0.006" classname="framework_testng.DP.Get_DataProvider_From_Diff_Class"/>
  <testcase name="tc002" time="0.001" classname="framework_testng.DP.Get_DataProvider_From_Diff_Class"/>
  <testcase name="tc002" time="0.002" classname="framework_testng.DP.Get_DataProvider_From_Diff_Class"/>
</testsuite> <!-- framework_testng.DP.Get_DataProvider_From_Diff_Class -->
