<?xml version="1.0" encoding="UTF-8"?>
<!-- Generated by org.testng.reporters.JUnitReportReporter -->
<testsuite hostname="DESKTOP-DRRO17G" name="framework_testng.BeforeMethod_And_AfterMethod" tests="3" failures="0" timestamp="26 Jun 2019 10:43:55 GMT" time="0.464" errors="0">
  <testcase name="tc003" time="0.382" classname="framework_testng.BeforeMethod_And_AfterMethod"/>
  <testcase name="tc001" time="0.071" classname="framework_testng.BeforeMethod_And_AfterMethod"/>
  <testcase name="tc002" time="0.011" classname="framework_testng.BeforeMethod_And_AfterMethod"/>
</testsuite> <!-- framework_testng.BeforeMethod_And_AfterMethod -->
