<?xml version="1.0" encoding="UTF-8"?>
<!-- Generated by org.testng.reporters.JUnitReportReporter -->
<testsuite hostname="DESKTOP-DRRO17G" name="framework_testng.Suite_Parameter.Get_Parameters_From_Suite" tests="4" failures="0" timestamp="28 Jun 2019 10:26:17 GMT" time="29.029" errors="0">
  <testcase name="loadWebpage" time="11.502" classname="framework_testng.Suite_Parameter.Get_Parameters_From_Suite"/>
  <testcase name="User_registration" time="0.464" classname="framework_testng.Suite_Parameter.Get_Parameters_From_Suite"/>
  <testcase name="launch_browser" time="15.972" classname="framework_testng.Suite_Parameter.Get_Parameters_From_Suite"/>
  <testcase name="User_login" time="1.091" classname="framework_testng.Suite_Parameter.Get_Parameters_From_Suite"/>
</testsuite> <!-- framework_testng.Suite_Parameter.Get_Parameters_From_Suite -->
